[ INFO] - 2020-06-02 13:15:38,156 - root - create_postgres_engine() in database.py: 76: initializing sqlachemy connectionpool .......
[ INFO] - 2020-06-02 13:15:38,226 - root - create_postgres_engine() in database.py: 81: sqlachemy engine created [ pool_size = 1 ]
[ INFO] - 2020-06-02 13:15:38,226 - root - <module>() in wsgi.py: 9: starting publication app ................!
[ INFO] - 2020-06-02 13:15:38,254 - werkzeug - _log() in _internal.py: 122:  * Running on http://127.0.0.1:5000/ (Press CTRL+C to quit)
[ INFO] - 2020-06-02 13:21:49,326 - root - create_postgres_engine() in database.py: 76: initializing sqlachemy connectionpool .......
[ INFO] - 2020-06-02 13:21:49,417 - root - create_postgres_engine() in database.py: 81: sqlachemy engine created [ pool_size = 1 ]
[ INFO] - 2020-06-02 13:21:49,435 - root - post() in app.py: 23: requested data : {'id': 1, 'name': 'scott'} 
[ INFO] - 2020-06-02 13:21:49,448 - root - create_postgres_engine() in database.py: 76: initializing sqlachemy connectionpool .......
[ INFO] - 2020-06-02 13:21:49,448 - root - create_postgres_engine() in database.py: 76: initializing sqlachemy connectionpool .......
[ INFO] - 2020-06-02 13:21:49,448 - root - create_postgres_engine() in database.py: 81: sqlachemy engine created [ pool_size = 1 ]
[ INFO] - 2020-06-02 13:21:49,448 - root - create_postgres_engine() in database.py: 81: sqlachemy engine created [ pool_size = 1 ]
[ INFO] - 2020-06-02 13:21:49,734 - root - create_postgres_engine() in database.py: 76: initializing sqlachemy connectionpool .......
[ INFO] - 2020-06-02 13:21:49,734 - root - create_postgres_engine() in database.py: 76: initializing sqlachemy connectionpool .......
[ INFO] - 2020-06-02 13:21:49,734 - root - create_postgres_engine() in database.py: 76: initializing sqlachemy connectionpool .......
[ INFO] - 2020-06-02 13:21:49,734 - root - create_postgres_engine() in database.py: 81: sqlachemy engine created [ pool_size = 1 ]
[ INFO] - 2020-06-02 13:21:49,734 - root - create_postgres_engine() in database.py: 81: sqlachemy engine created [ pool_size = 1 ]
[ INFO] - 2020-06-02 13:21:49,734 - root - create_postgres_engine() in database.py: 81: sqlachemy engine created [ pool_size = 1 ]
[ INFO] - 2020-06-02 13:21:49,759 - root - create_postgres_engine() in database.py: 76: initializing sqlachemy connectionpool .......
[ INFO] - 2020-06-02 13:21:49,759 - root - create_postgres_engine() in database.py: 76: initializing sqlachemy connectionpool .......
[ INFO] - 2020-06-02 13:21:49,759 - root - create_postgres_engine() in database.py: 76: initializing sqlachemy connectionpool .......
[ INFO] - 2020-06-02 13:21:49,759 - root - create_postgres_engine() in database.py: 76: initializing sqlachemy connectionpool .......
[ INFO] - 2020-06-02 13:21:49,759 - root - create_postgres_engine() in database.py: 81: sqlachemy engine created [ pool_size = 1 ]
[ INFO] - 2020-06-02 13:21:49,759 - root - create_postgres_engine() in database.py: 81: sqlachemy engine created [ pool_size = 1 ]
[ INFO] - 2020-06-02 13:21:49,759 - root - create_postgres_engine() in database.py: 81: sqlachemy engine created [ pool_size = 1 ]
[ INFO] - 2020-06-02 13:21:49,759 - root - create_postgres_engine() in database.py: 81: sqlachemy engine created [ pool_size = 1 ]
[ INFO] - 2020-06-02 13:24:53,728 - root - create_postgres_engine() in database.py: 76: initializing sqlachemy connectionpool .......
[ INFO] - 2020-06-02 13:24:53,796 - root - create_postgres_engine() in database.py: 81: sqlachemy engine created [ pool_size = 1 ]
[ INFO] - 2020-06-02 13:24:53,796 - root - <module>() in wsgi.py: 9: starting publication app ................!
[ INFO] - 2020-06-02 13:24:53,823 - werkzeug - _log() in _internal.py: 122:  * Running on http://127.0.0.1:5000/ (Press CTRL+C to quit)
[ INFO] - 2020-06-02 13:25:00,514 - werkzeug - _log() in _internal.py: 122: 127.0.0.1 - - [02/Jun/2020 13:25:00] "GET / HTTP/1.1" 200 -
[ INFO] - 2020-06-02 13:25:00,597 - werkzeug - _log() in _internal.py: 122: 127.0.0.1 - - [02/Jun/2020 13:25:00] "GET /swaggerui/droid-sans.css HTTP/1.1" 200 -
[ INFO] - 2020-06-02 13:25:00,677 - werkzeug - _log() in _internal.py: 122: 127.0.0.1 - - [02/Jun/2020 13:25:00] "GET /swaggerui/swagger-ui.css HTTP/1.1" 200 -
[ INFO] - 2020-06-02 13:25:00,908 - werkzeug - _log() in _internal.py: 122: 127.0.0.1 - - [02/Jun/2020 13:25:00] "GET /swaggerui/swagger-ui-bundle.js HTTP/1.1" 200 -
[ INFO] - 2020-06-02 13:25:00,908 - werkzeug - _log() in _internal.py: 122: 127.0.0.1 - - [02/Jun/2020 13:25:00] "GET /swaggerui/swagger-ui-standalone-preset.js HTTP/1.1" 200 -
[ INFO] - 2020-06-02 13:25:01,541 - werkzeug - _log() in _internal.py: 122: 127.0.0.1 - - [02/Jun/2020 13:25:01] "GET /swagger.json HTTP/1.1" 200 -
[ INFO] - 2020-06-02 13:25:08,677 - root - post() in app.py: 23: requested data : {'id': 1, 'name': 'scott'} 
[ INFO] - 2020-06-02 13:25:08,678 - werkzeug - _log() in _internal.py: 122: 127.0.0.1 - - [02/Jun/2020 13:25:08] "POST /api HTTP/1.1" 201 -
[ INFO] - 2020-06-02 13:26:07,991 - root - create_postgres_engine() in database.py: 76: initializing sqlachemy connectionpool .......
[ INFO] - 2020-06-02 13:26:08,062 - root - create_postgres_engine() in database.py: 81: sqlachemy engine created [ pool_size = 1 ]
[ INFO] - 2020-06-02 13:26:08,076 - root - post() in app.py: 23: requested data : {'id': 1, 'name': 'scott'} 
[ INFO] - 2020-06-02 13:26:08,089 - root - create_postgres_engine() in database.py: 76: initializing sqlachemy connectionpool .......
[ INFO] - 2020-06-02 13:26:08,089 - root - create_postgres_engine() in database.py: 76: initializing sqlachemy connectionpool .......
[ INFO] - 2020-06-02 13:26:08,089 - root - create_postgres_engine() in database.py: 81: sqlachemy engine created [ pool_size = 1 ]
[ INFO] - 2020-06-02 13:26:08,089 - root - create_postgres_engine() in database.py: 81: sqlachemy engine created [ pool_size = 1 ]
[ INFO] - 2020-06-02 13:26:08,340 - root - create_postgres_engine() in database.py: 76: initializing sqlachemy connectionpool .......
[ INFO] - 2020-06-02 13:26:08,340 - root - create_postgres_engine() in database.py: 76: initializing sqlachemy connectionpool .......
[ INFO] - 2020-06-02 13:26:08,340 - root - create_postgres_engine() in database.py: 76: initializing sqlachemy connectionpool .......
[ INFO] - 2020-06-02 13:26:08,340 - root - create_postgres_engine() in database.py: 81: sqlachemy engine created [ pool_size = 1 ]
[ INFO] - 2020-06-02 13:26:08,340 - root - create_postgres_engine() in database.py: 81: sqlachemy engine created [ pool_size = 1 ]
[ INFO] - 2020-06-02 13:26:08,340 - root - create_postgres_engine() in database.py: 81: sqlachemy engine created [ pool_size = 1 ]
[ INFO] - 2020-06-02 13:26:08,391 - root - create_postgres_engine() in database.py: 76: initializing sqlachemy connectionpool .......
[ INFO] - 2020-06-02 13:26:08,391 - root - create_postgres_engine() in database.py: 76: initializing sqlachemy connectionpool .......
[ INFO] - 2020-06-02 13:26:08,391 - root - create_postgres_engine() in database.py: 76: initializing sqlachemy connectionpool .......
[ INFO] - 2020-06-02 13:26:08,391 - root - create_postgres_engine() in database.py: 76: initializing sqlachemy connectionpool .......
[ INFO] - 2020-06-02 13:26:08,391 - root - create_postgres_engine() in database.py: 81: sqlachemy engine created [ pool_size = 1 ]
[ INFO] - 2020-06-02 13:26:08,391 - root - create_postgres_engine() in database.py: 81: sqlachemy engine created [ pool_size = 1 ]
[ INFO] - 2020-06-02 13:26:08,391 - root - create_postgres_engine() in database.py: 81: sqlachemy engine created [ pool_size = 1 ]
[ INFO] - 2020-06-02 13:26:08,391 - root - create_postgres_engine() in database.py: 81: sqlachemy engine created [ pool_size = 1 ]
[ INFO] - 2020-06-02 13:26:18,766 - root - create_postgres_engine() in database.py: 76: initializing sqlachemy connectionpool .......
[ INFO] - 2020-06-02 13:26:18,834 - root - create_postgres_engine() in database.py: 81: sqlachemy engine created [ pool_size = 1 ]
[ INFO] - 2020-06-02 13:26:18,834 - root - <module>() in wsgi.py: 9: starting publication app ................!
[ INFO] - 2020-06-02 13:26:18,863 - werkzeug - _log() in _internal.py: 122:  * Running on http://127.0.0.1:5000/ (Press CTRL+C to quit)
[ INFO] - 2020-06-02 13:26:29,133 - werkzeug - _log() in _internal.py: 122: 127.0.0.1 - - [02/Jun/2020 13:26:29] "GET / HTTP/1.1" 200 -
[ INFO] - 2020-06-02 13:26:29,319 - werkzeug - _log() in _internal.py: 122: 127.0.0.1 - - [02/Jun/2020 13:26:29] "GET /swagger.json HTTP/1.1" 200 -
[ INFO] - 2020-06-02 13:26:36,111 - root - post() in app.py: 23: requested data : {'id': 1, 'name': 'scott'} 
[ INFO] - 2020-06-02 13:26:36,114 - werkzeug - _log() in _internal.py: 122: 127.0.0.1 - - [02/Jun/2020 13:26:36] "POST /api HTTP/1.1" 201 -
[ INFO] - 2020-06-02 13:27:58,017 - root - create_postgres_engine() in database.py: 76: initializing sqlachemy connectionpool .......
[ INFO] - 2020-06-02 13:27:58,087 - root - create_postgres_engine() in database.py: 81: sqlachemy engine created [ pool_size = 1 ]
[ INFO] - 2020-06-02 13:27:58,087 - root - <module>() in wsgi.py: 9: starting publication app ................!
[ INFO] - 2020-06-02 13:27:58,117 - werkzeug - _log() in _internal.py: 122:  * Running on http://127.0.0.1:5000/ (Press CTRL+C to quit)
[ INFO] - 2020-06-02 13:28:03,760 - werkzeug - _log() in _internal.py: 122: 127.0.0.1 - - [02/Jun/2020 13:28:03] "GET / HTTP/1.1" 200 -
[ INFO] - 2020-06-02 13:28:03,907 - werkzeug - _log() in _internal.py: 122: 127.0.0.1 - - [02/Jun/2020 13:28:03] "GET /swagger.json HTTP/1.1" 200 -
[ INFO] - 2020-06-02 13:28:12,513 - root - delete() in app.py: 60: deleting id : 1 
[ INFO] - 2020-06-02 13:28:12,513 - werkzeug - _log() in _internal.py: 122: 127.0.0.1 - - [02/Jun/2020 13:28:12] "DELETE /api/1 HTTP/1.1" 200 -
[ INFO] - 2020-06-02 13:28:22,393 - root - create_postgres_engine() in database.py: 76: initializing sqlachemy connectionpool .......
[ INFO] - 2020-06-02 13:28:22,478 - root - create_postgres_engine() in database.py: 81: sqlachemy engine created [ pool_size = 1 ]
[ INFO] - 2020-06-02 13:28:22,504 - root - post() in app.py: 23: requested data : {'id': 1, 'name': 'scott'} 
[ INFO] - 2020-06-02 13:28:22,525 - root - create_postgres_engine() in database.py: 76: initializing sqlachemy connectionpool .......
[ INFO] - 2020-06-02 13:28:22,525 - root - create_postgres_engine() in database.py: 76: initializing sqlachemy connectionpool .......
[ INFO] - 2020-06-02 13:28:22,525 - root - create_postgres_engine() in database.py: 81: sqlachemy engine created [ pool_size = 1 ]
[ INFO] - 2020-06-02 13:28:22,525 - root - create_postgres_engine() in database.py: 81: sqlachemy engine created [ pool_size = 1 ]
[ INFO] - 2020-06-02 13:28:22,553 - root - put() in app.py: 49: requested data : {'name': 'tiger'} 
[ INFO] - 2020-06-02 13:28:22,553 - root - put() in app.py: 49: requested data : {'name': 'tiger'} 
[ INFO] - 2020-06-02 13:28:22,838 - root - create_postgres_engine() in database.py: 76: initializing sqlachemy connectionpool .......
[ INFO] - 2020-06-02 13:28:22,838 - root - create_postgres_engine() in database.py: 76: initializing sqlachemy connectionpool .......
[ INFO] - 2020-06-02 13:28:22,838 - root - create_postgres_engine() in database.py: 76: initializing sqlachemy connectionpool .......
[ INFO] - 2020-06-02 13:28:22,838 - root - create_postgres_engine() in database.py: 81: sqlachemy engine created [ pool_size = 1 ]
[ INFO] - 2020-06-02 13:28:22,838 - root - create_postgres_engine() in database.py: 81: sqlachemy engine created [ pool_size = 1 ]
[ INFO] - 2020-06-02 13:28:22,838 - root - create_postgres_engine() in database.py: 81: sqlachemy engine created [ pool_size = 1 ]
[ INFO] - 2020-06-02 13:28:22,838 - root - get() in app.py: 39: requested id : 1 
[ INFO] - 2020-06-02 13:28:22,838 - root - get() in app.py: 39: requested id : 1 
[ INFO] - 2020-06-02 13:28:22,838 - root - get() in app.py: 39: requested id : 1 
[ INFO] - 2020-06-02 13:28:22,858 - root - create_postgres_engine() in database.py: 76: initializing sqlachemy connectionpool .......
[ INFO] - 2020-06-02 13:28:22,858 - root - create_postgres_engine() in database.py: 76: initializing sqlachemy connectionpool .......
[ INFO] - 2020-06-02 13:28:22,858 - root - create_postgres_engine() in database.py: 76: initializing sqlachemy connectionpool .......
[ INFO] - 2020-06-02 13:28:22,858 - root - create_postgres_engine() in database.py: 76: initializing sqlachemy connectionpool .......
[ INFO] - 2020-06-02 13:28:22,859 - root - create_postgres_engine() in database.py: 81: sqlachemy engine created [ pool_size = 1 ]
[ INFO] - 2020-06-02 13:28:22,859 - root - create_postgres_engine() in database.py: 81: sqlachemy engine created [ pool_size = 1 ]
[ INFO] - 2020-06-02 13:28:22,859 - root - create_postgres_engine() in database.py: 81: sqlachemy engine created [ pool_size = 1 ]
[ INFO] - 2020-06-02 13:28:22,859 - root - create_postgres_engine() in database.py: 81: sqlachemy engine created [ pool_size = 1 ]
[ INFO] - 2020-06-02 13:28:22,870 - root - delete() in app.py: 60: deleting id : 1 
[ INFO] - 2020-06-02 13:28:22,870 - root - delete() in app.py: 60: deleting id : 1 
[ INFO] - 2020-06-02 13:28:22,870 - root - delete() in app.py: 60: deleting id : 1 
[ INFO] - 2020-06-02 13:28:22,870 - root - delete() in app.py: 60: deleting id : 1 
[ INFO] - 2020-06-02 13:29:22,775 - root - create_postgres_engine() in database.py: 76: initializing sqlachemy connectionpool .......
[ INFO] - 2020-06-02 13:29:22,855 - root - create_postgres_engine() in database.py: 81: sqlachemy engine created [ pool_size = 1 ]
[ INFO] - 2020-06-02 13:29:22,869 - root - post() in app.py: 23: requested data : {'id': 1, 'name': 'scott'} 
[ INFO] - 2020-06-02 13:29:22,883 - root - create_postgres_engine() in database.py: 76: initializing sqlachemy connectionpool .......
[ INFO] - 2020-06-02 13:29:22,883 - root - create_postgres_engine() in database.py: 76: initializing sqlachemy connectionpool .......
[ INFO] - 2020-06-02 13:29:22,883 - root - create_postgres_engine() in database.py: 81: sqlachemy engine created [ pool_size = 1 ]
[ INFO] - 2020-06-02 13:29:22,883 - root - create_postgres_engine() in database.py: 81: sqlachemy engine created [ pool_size = 1 ]
[ INFO] - 2020-06-02 13:29:22,883 - root - put() in app.py: 49: requested data : {'name': 'tiger'} 
[ INFO] - 2020-06-02 13:29:22,883 - root - put() in app.py: 49: requested data : {'name': 'tiger'} 
[ INFO] - 2020-06-02 13:29:22,898 - root - create_postgres_engine() in database.py: 76: initializing sqlachemy connectionpool .......
[ INFO] - 2020-06-02 13:29:22,898 - root - create_postgres_engine() in database.py: 76: initializing sqlachemy connectionpool .......
[ INFO] - 2020-06-02 13:29:22,898 - root - create_postgres_engine() in database.py: 76: initializing sqlachemy connectionpool .......
[ INFO] - 2020-06-02 13:29:22,898 - root - create_postgres_engine() in database.py: 81: sqlachemy engine created [ pool_size = 1 ]
[ INFO] - 2020-06-02 13:29:22,898 - root - create_postgres_engine() in database.py: 81: sqlachemy engine created [ pool_size = 1 ]
[ INFO] - 2020-06-02 13:29:22,898 - root - create_postgres_engine() in database.py: 81: sqlachemy engine created [ pool_size = 1 ]
[ INFO] - 2020-06-02 13:29:22,898 - root - get() in app.py: 39: requested id : 1 
[ INFO] - 2020-06-02 13:29:22,898 - root - get() in app.py: 39: requested id : 1 
[ INFO] - 2020-06-02 13:29:22,898 - root - get() in app.py: 39: requested id : 1 
[ INFO] - 2020-06-02 13:29:22,922 - root - create_postgres_engine() in database.py: 76: initializing sqlachemy connectionpool .......
[ INFO] - 2020-06-02 13:29:22,922 - root - create_postgres_engine() in database.py: 76: initializing sqlachemy connectionpool .......
[ INFO] - 2020-06-02 13:29:22,922 - root - create_postgres_engine() in database.py: 76: initializing sqlachemy connectionpool .......
[ INFO] - 2020-06-02 13:29:22,922 - root - create_postgres_engine() in database.py: 76: initializing sqlachemy connectionpool .......
[ INFO] - 2020-06-02 13:29:22,923 - root - create_postgres_engine() in database.py: 81: sqlachemy engine created [ pool_size = 1 ]
[ INFO] - 2020-06-02 13:29:22,923 - root - create_postgres_engine() in database.py: 81: sqlachemy engine created [ pool_size = 1 ]
[ INFO] - 2020-06-02 13:29:22,923 - root - create_postgres_engine() in database.py: 81: sqlachemy engine created [ pool_size = 1 ]
[ INFO] - 2020-06-02 13:29:22,923 - root - create_postgres_engine() in database.py: 81: sqlachemy engine created [ pool_size = 1 ]
[ INFO] - 2020-06-02 13:29:22,923 - root - delete() in app.py: 60: deleting id : 1 
[ INFO] - 2020-06-02 13:29:22,923 - root - delete() in app.py: 60: deleting id : 1 
[ INFO] - 2020-06-02 13:29:22,923 - root - delete() in app.py: 60: deleting id : 1 
[ INFO] - 2020-06-02 13:29:22,923 - root - delete() in app.py: 60: deleting id : 1 
[ INFO] - 2020-06-02 13:40:44,600 - root - create_postgres_engine() in database.py: 76: initializing sqlachemy connectionpool .......
[ INFO] - 2020-06-02 13:40:44,670 - root - create_postgres_engine() in database.py: 81: sqlachemy engine created [ pool_size = 1 ]
[ INFO] - 2020-06-02 13:40:44,685 - root - post() in app.py: 23: requested data : {'id': 1, 'name': 'scott'} 
[ INFO] - 2020-06-02 13:40:44,696 - root - create_postgres_engine() in database.py: 76: initializing sqlachemy connectionpool .......
[ INFO] - 2020-06-02 13:40:44,696 - root - create_postgres_engine() in database.py: 76: initializing sqlachemy connectionpool .......
[ INFO] - 2020-06-02 13:40:44,696 - root - create_postgres_engine() in database.py: 81: sqlachemy engine created [ pool_size = 1 ]
[ INFO] - 2020-06-02 13:40:44,696 - root - create_postgres_engine() in database.py: 81: sqlachemy engine created [ pool_size = 1 ]
[ INFO] - 2020-06-02 13:40:44,708 - root - put() in app.py: 49: requested data : {'name': 'tiger'} 
[ INFO] - 2020-06-02 13:40:44,708 - root - put() in app.py: 49: requested data : {'name': 'tiger'} 
[ INFO] - 2020-06-02 13:40:44,716 - root - create_postgres_engine() in database.py: 76: initializing sqlachemy connectionpool .......
[ INFO] - 2020-06-02 13:40:44,716 - root - create_postgres_engine() in database.py: 76: initializing sqlachemy connectionpool .......
[ INFO] - 2020-06-02 13:40:44,716 - root - create_postgres_engine() in database.py: 76: initializing sqlachemy connectionpool .......
[ INFO] - 2020-06-02 13:40:44,716 - root - create_postgres_engine() in database.py: 81: sqlachemy engine created [ pool_size = 1 ]
[ INFO] - 2020-06-02 13:40:44,716 - root - create_postgres_engine() in database.py: 81: sqlachemy engine created [ pool_size = 1 ]
[ INFO] - 2020-06-02 13:40:44,716 - root - create_postgres_engine() in database.py: 81: sqlachemy engine created [ pool_size = 1 ]
[ INFO] - 2020-06-02 13:40:44,725 - root - get() in app.py: 39: requested id : 1 
[ INFO] - 2020-06-02 13:40:44,725 - root - get() in app.py: 39: requested id : 1 
[ INFO] - 2020-06-02 13:40:44,725 - root - get() in app.py: 39: requested id : 1 
[ INFO] - 2020-06-02 13:40:44,736 - root - create_postgres_engine() in database.py: 76: initializing sqlachemy connectionpool .......
[ INFO] - 2020-06-02 13:40:44,736 - root - create_postgres_engine() in database.py: 76: initializing sqlachemy connectionpool .......
[ INFO] - 2020-06-02 13:40:44,736 - root - create_postgres_engine() in database.py: 76: initializing sqlachemy connectionpool .......
[ INFO] - 2020-06-02 13:40:44,736 - root - create_postgres_engine() in database.py: 76: initializing sqlachemy connectionpool .......
[ INFO] - 2020-06-02 13:40:44,736 - root - create_postgres_engine() in database.py: 81: sqlachemy engine created [ pool_size = 1 ]
[ INFO] - 2020-06-02 13:40:44,736 - root - create_postgres_engine() in database.py: 81: sqlachemy engine created [ pool_size = 1 ]
[ INFO] - 2020-06-02 13:40:44,736 - root - create_postgres_engine() in database.py: 81: sqlachemy engine created [ pool_size = 1 ]
[ INFO] - 2020-06-02 13:40:44,736 - root - create_postgres_engine() in database.py: 81: sqlachemy engine created [ pool_size = 1 ]
[ INFO] - 2020-06-02 13:40:44,752 - root - delete() in app.py: 60: deleting id : 1 
[ INFO] - 2020-06-02 13:40:44,752 - root - delete() in app.py: 60: deleting id : 1 
[ INFO] - 2020-06-02 13:40:44,752 - root - delete() in app.py: 60: deleting id : 1 
[ INFO] - 2020-06-02 13:40:44,752 - root - delete() in app.py: 60: deleting id : 1 
[ INFO] - 2020-06-02 13:56:51,141 - root - create_postgres_engine() in database.py: 76: initializing sqlachemy connectionpool .......
[ INFO] - 2020-06-02 13:56:51,211 - root - create_postgres_engine() in database.py: 81: sqlachemy engine created [ pool_size = 1 ]
[ INFO] - 2020-06-02 13:56:51,211 - root - <module>() in wsgi.py: 9: starting publication app ................!
[ INFO] - 2020-06-02 13:56:51,239 - werkzeug - _log() in _internal.py: 122:  * Running on http://127.0.0.1:5000/ (Press CTRL+C to quit)
